<?xml version="1.0" encoding="UTF-8"?>
<testsuite xmlns:xsi="http://www.w3.org/2001/XMLSchema-instance" xsi:noNamespaceSchemaLocation="https://maven.apache.org/surefire/maven-surefire-plugin/xsd/surefire-test-report.xsd" version="3.0.2" name="com.vk.MentalWellness.controller.WellnessControllerTest" time="7.949" tests="7" errors="0" skipped="0" failures="0" flakes="0">
  <properties>
[...]
</properties>
  <testcase name="testRegisterUser_Success" classname="com.vk.MentalWellness.controller.WellnessControllerTest" time="1.512">
    <system-out><![CDATA[13:09:06.243 [main] INFO org.springframework.test.context.support.AnnotationConfigContextLoaderUtils -- Could not detect default configuration classes for test class [com.vk.MentalWellness.controller.WellnessControllerTest]: WellnessControllerTest does not declare any static, non-private, non-final, nested classes annotated with @Configuration.
13:09:06.406 [main] INFO org.springframework.boot.test.context.SpringBootTestContextBootstrapper -- Found @SpringBootConfiguration com.vk.MentalWellness.MentalWellnessApplication for test class com.vk.MentalWellness.controller.WellnessControllerTest
13:09:06.521 [main] INFO org.springframework.test.context.support.AnnotationConfigContextLoaderUtils -- Could not detect default configuration classes for test class [com.vk.MentalWellness.controller.WellnessControllerTest]: WellnessControllerTest does not declare any static, non-private, non-final, nested classes annotated with @Configuration.
13:09:06.523 [main] INFO org.springframework.boot.test.context.SpringBootTestContextBootstrapper -- Found @SpringBootConfiguration com.vk.MentalWellness.MentalWellnessApplication for test class com.vk.MentalWellness.controller.WellnessControllerTest

  .   ____          _            __ _ _
 /\\ / ___'_ __ _ _(_)_ __  __ _ \ \ \ \
( ( )\___ | '_ | '_| | '_ \/ _` | \ \ \ \
 \\/  ___)| |_)| | | | | || (_| |  ) ) ) )
  '  |____| .__|_| |_|_| |_\__, | / / / /
 =========|_|==============|___/=/_/_/_/

 :: Spring Boot ::                (v4.0.6)

2026-06-06T13:09:06.896+05:30  WARN 13147 --- [MentalWellness] [           main] ory$DuplicateJsonObjectContextCustomizer : 

Found multiple occurrences of org.json.JSONObject on the class path:

	jar:file:/Users/vaibhav/.m2/repository/org/json/json/20240303/json-20240303.jar!/org/json/JSONObject.class
	jar:file:/Users/vaibhav/.m2/repository/com/vaadin/external/google/android-json/0.0.20131108.vaadin1/android-json-0.0.20131108.vaadin1.jar!/org/json/JSONObject.class

You may wish to exclude one of them to ensure predictable runtime behavior

2026-06-06T13:09:06.906+05:30  INFO 13147 --- [MentalWellness] [           main] c.v.M.controller.WellnessControllerTest  : Starting WellnessControllerTest using Java 26.0.1 with PID 13147 (started by vaibhav in /Users/vaibhav/Downloads/MentalWellness)
2026-06-06T13:09:06.907+05:30 DEBUG 13147 --- [MentalWellness] [           main] c.v.M.controller.WellnessControllerTest  : Running with Spring Boot v4.0.6, Spring v7.0.7
2026-06-06T13:09:06.907+05:30  INFO 13147 --- [MentalWellness] [           main] c.v.M.controller.WellnessControllerTest  : No active profile set, falling back to 1 default profile: "default"
2026-06-06T13:09:07.767+05:30  INFO 13147 --- [MentalWellness] [           main] .s.d.r.c.RepositoryConfigurationDelegate : Bootstrapping Spring Data JPA repositories in DEFAULT mode.
2026-06-06T13:09:07.851+05:30  INFO 13147 --- [MentalWellness] [           main] .s.d.r.c.RepositoryConfigurationDelegate : Finished Spring Data repository scanning in 72 ms. Found 4 JPA repository interfaces.
2026-06-06T13:09:08.407+05:30  INFO 13147 --- [MentalWellness] [           main] org.hibernate.orm.jpa                    : HHH008540: Processing PersistenceUnitInfo [name: default]
2026-06-06T13:09:08.490+05:30  INFO 13147 --- [MentalWellness] [           main] org.hibernate.orm.core                   : HHH000001: Hibernate ORM core version 7.2.12.Final
2026-06-06T13:09:08.996+05:30  INFO 13147 --- [MentalWellness] [           main] o.s.o.j.p.SpringPersistenceUnitInfo      : No LoadTimeWeaver setup: ignoring JPA class transformer
2026-06-06T13:09:09.036+05:30  INFO 13147 --- [MentalWellness] [           main] com.zaxxer.hikari.HikariDataSource       : HikariPool-1 - Starting...
2026-06-06T13:09:09.389+05:30  INFO 13147 --- [MentalWellness] [           main] com.zaxxer.hikari.pool.HikariPool        : HikariPool-1 - Added connection conn0: url=jdbc:h2:file:./data/mentalwellness user=SA
2026-06-06T13:09:09.394+05:30  INFO 13147 --- [MentalWellness] [           main] com.zaxxer.hikari.HikariDataSource       : HikariPool-1 - Start completed.
2026-06-06T13:09:09.452+05:30  WARN 13147 --- [MentalWellness] [           main] org.hibernate.orm.deprecation            : HHH90000025: H2Dialect does not need to be specified explicitly using 'hibernate.dialect' (remove the property setting and it will be selected by default)
2026-06-06T13:09:09.492+05:30  INFO 13147 --- [MentalWellness] [           main] org.hibernate.orm.connections.pooling    : HHH10001005: Database info:
	Database JDBC URL [jdbc:h2:file:./data/mentalwellness]
	Database driver: H2 JDBC Driver
	Database dialect: H2Dialect
	Database version: 2.4.240
	Default catalog/schema: MENTALWELLNESS/PUBLIC
	Autocommit mode: undefined/unknown
	Isolation level: READ_COMMITTED [default READ_COMMITTED]
	JDBC fetch size: 100
	Pool: DataSourceConnectionProvider
	Minimum pool size: undefined/unknown
	Maximum pool size: undefined/unknown
2026-06-06T13:09:10.653+05:30  INFO 13147 --- [MentalWellness] [           main] org.hibernate.orm.core                   : HHH000489: No JTA platform available (set 'hibernate.transaction.jta.platform' to enable JTA platform integration)
2026-06-06T13:09:10.708+05:30  INFO 13147 --- [MentalWellness] [           main] j.LocalContainerEntityManagerFactoryBean : Initialized JPA EntityManagerFactory for persistence unit 'default'
2026-06-06T13:09:10.814+05:30  INFO 13147 --- [MentalWellness] [           main] o.s.d.j.r.query.QueryEnhancerFactories   : Hibernate is in classpath; If applicable, HQL parser will be used.
2026-06-06T13:09:11.057+05:30  INFO 13147 --- [MentalWellness] [           main] r$InitializeUserDetailsManagerConfigurer : Global AuthenticationManager configured with UserDetailsService bean with name userService
2026-06-06T13:09:11.383+05:30  WARN 13147 --- [MentalWellness] [           main] JpaBaseConfiguration$JpaWebConfiguration : spring.jpa.open-in-view is enabled by default. Therefore, database queries may be performed during view rendering. Explicitly configure spring.jpa.open-in-view to disable this warning
2026-06-06T13:09:11.720+05:30  INFO 13147 --- [MentalWellness] [           main] o.s.b.w.a.WelcomePageHandlerMapping      : Adding welcome page: class path resource [static/index.html]
2026-06-06T13:09:12.127+05:30  INFO 13147 --- [MentalWellness] [           main] c.v.M.controller.WellnessControllerTest  : Started WellnessControllerTest in 5.524 seconds (process running for 6.951)
2026-06-06T13:09:12.681+05:30  INFO 13147 --- [MentalWellness] [           main] o.s.b.t.m.w.SpringBootMockServletContext : Initializing Spring TestDispatcherServlet ''
2026-06-06T13:09:12.682+05:30  INFO 13147 --- [MentalWellness] [           main] o.s.t.web.servlet.TestDispatcherServlet  : Initializing Servlet ''
2026-06-06T13:09:12.684+05:30  INFO 13147 --- [MentalWellness] [           main] o.s.t.web.servlet.TestDispatcherServlet  : Completed initialization in 1 ms
]]></system-out>
    <system-err><![CDATA[Mockito is currently self-attaching to enable the inline-mock-maker. This will no longer work in future releases of the JDK. Please add Mockito as an agent to your build as described in Mockito's documentation: https://javadoc.io/doc/org.mockito/mockito-core/latest/org.mockito/org/mockito/Mockito.html#0.3
WARNING: A Java agent has been loaded dynamically (/Users/vaibhav/.m2/repository/net/bytebuddy/byte-buddy-agent/1.17.8/byte-buddy-agent-1.17.8.jar)
WARNING: If a serviceability tool is in use, please run with -XX:+EnableDynamicAgentLoading to hide this warning
WARNING: If a serviceability tool is not in use, please run with -Djdk.instrument.traceUsage for more information
WARNING: Dynamic loading of agents will be disallowed by default in a future release
]]></system-err>
  </testcase>
  <testcase name="testRegisterUser_InvalidPayload_ReturnsBadRequest" classname="com.vk.MentalWellness.controller.WellnessControllerTest" time="0.035">
    <system-out><![CDATA[2026-06-06T13:09:13.663+05:30  INFO 13147 --- [MentalWellness] [           main] o.s.b.t.m.w.SpringBootMockServletContext : Initializing Spring TestDispatcherServlet ''
2026-06-06T13:09:13.664+05:30  INFO 13147 --- [MentalWellness] [           main] o.s.t.web.servlet.TestDispatcherServlet  : Initializing Servlet ''
2026-06-06T13:09:13.665+05:30  INFO 13147 --- [MentalWellness] [           main] o.s.t.web.servlet.TestDispatcherServlet  : Completed initialization in 1 ms
]]></system-out>
  </testcase>
  <testcase name="testLogMood_Success" classname="com.vk.MentalWellness.controller.WellnessControllerTest" time="0.081">
    <system-out><![CDATA[2026-06-06T13:09:13.707+05:30  INFO 13147 --- [MentalWellness] [           main] o.s.b.t.m.w.SpringBootMockServletContext : Initializing Spring TestDispatcherServlet ''
2026-06-06T13:09:13.708+05:30  INFO 13147 --- [MentalWellness] [           main] o.s.t.web.servlet.TestDispatcherServlet  : Initializing Servlet ''
2026-06-06T13:09:13.710+05:30  INFO 13147 --- [MentalWellness] [           main] o.s.t.web.servlet.TestDispatcherServlet  : Completed initialization in 2 ms
]]></system-out>
  </testcase>
  <testcase name="testGetMetrics_Success" classname="com.vk.MentalWellness.controller.WellnessControllerTest" time="0.075">
    <system-out><![CDATA[2026-06-06T13:09:13.783+05:30  INFO 13147 --- [MentalWellness] [           main] o.s.b.t.m.w.SpringBootMockServletContext : Initializing Spring TestDispatcherServlet ''
2026-06-06T13:09:13.783+05:30  INFO 13147 --- [MentalWellness] [           main] o.s.t.web.servlet.TestDispatcherServlet  : Initializing Servlet ''
2026-06-06T13:09:13.784+05:30  INFO 13147 --- [MentalWellness] [           main] o.s.t.web.servlet.TestDispatcherServlet  : Completed initialization in 1 ms
]]></system-out>
  </testcase>
  <testcase name="testLogStressTrigger_Success" classname="com.vk.MentalWellness.controller.WellnessControllerTest" time="0.038">
    <system-out><![CDATA[2026-06-06T13:09:13.860+05:30  INFO 13147 --- [MentalWellness] [           main] o.s.b.t.m.w.SpringBootMockServletContext : Initializing Spring TestDispatcherServlet ''
2026-06-06T13:09:13.860+05:30  INFO 13147 --- [MentalWellness] [           main] o.s.t.web.servlet.TestDispatcherServlet  : Initializing Servlet ''
2026-06-06T13:09:13.862+05:30  INFO 13147 --- [MentalWellness] [           main] o.s.t.web.servlet.TestDispatcherServlet  : Completed initialization in 1 ms
]]></system-out>
  </testcase>
  <testcase name="testCreateJournalEntry_Success" classname="com.vk.MentalWellness.controller.WellnessControllerTest" time="0.035">
    <system-out><![CDATA[2026-06-06T13:09:13.898+05:30  INFO 13147 --- [MentalWellness] [           main] o.s.b.t.m.w.SpringBootMockServletContext : Initializing Spring TestDispatcherServlet ''
2026-06-06T13:09:13.899+05:30  INFO 13147 --- [MentalWellness] [           main] o.s.t.web.servlet.TestDispatcherServlet  : Initializing Servlet ''
2026-06-06T13:09:13.900+05:30  INFO 13147 --- [MentalWellness] [           main] o.s.t.web.servlet.TestDispatcherServlet  : Completed initialization in 1 ms
]]></system-out>
  </testcase>
  <testcase name="testLogMood_OutofBoundsLevel_ReturnsBadRequest" classname="com.vk.MentalWellness.controller.WellnessControllerTest" time="0.031">
    <system-out><![CDATA[2026-06-06T13:09:13.936+05:30  INFO 13147 --- [MentalWellness] [           main] o.s.b.t.m.w.SpringBootMockServletContext : Initializing Spring TestDispatcherServlet ''
2026-06-06T13:09:13.937+05:30  INFO 13147 --- [MentalWellness] [           main] o.s.t.web.servlet.TestDispatcherServlet  : Initializing Servlet ''
2026-06-06T13:09:13.938+05:30  INFO 13147 --- [MentalWellness] [           main] o.s.t.web.servlet.TestDispatcherServlet  : Completed initialization in 1 ms
]]></system-out>
  </testcase>
</testsuite>